CRITICAL - 2024-08-02 01:31:49 --> CodeIgniter\View\Exceptions\ViewException: Invalid file: "common/head.php"
[Method: GET, Route: inicioDeSesion]
in SYSTEMPATH\Exceptions\FrameworkException.php on line 41.
 1 SYSTEMPATH\View\View.php(222): CodeIgniter\Exceptions\FrameworkException::forInvalidFile('common/head.php')
 2 SYSTEMPATH\Common.php(1171): CodeIgniter\View\View->render('common/head', [], true)
 3 APPPATH\Controllers\LoginController.php(13): view('common/head', [...])
 4 SYSTEMPATH\CodeIgniter.php(933): App\Controllers\LoginController->index()
 5 SYSTEMPATH\CodeIgniter.php(509): CodeIgniter\CodeIgniter->runController(Object(App\Controllers\LoginController))
 6 SYSTEMPATH\CodeIgniter.php(355): CodeIgniter\CodeIgniter->handleRequest(null, Object(Config\Cache), false)
 7 SYSTEMPATH\Boot.php(325): CodeIgniter\CodeIgniter->run()
 8 SYSTEMPATH\Boot.php(67): CodeIgniter\Boot::runCodeIgniter(Object(CodeIgniter\CodeIgniter))
 9 FCPATH\index.php(56): CodeIgniter\Boot::bootWeb(Object(Config\Paths))
CRITICAL - 2024-08-02 01:33:16 --> CodeIgniter\View\Exceptions\ViewException: Invalid file: "backend/inicioDeSesion.php"
[Method: GET, Route: inicioDeSesion]
in SYSTEMPATH\Exceptions\FrameworkException.php on line 41.
 1 SYSTEMPATH\View\View.php(222): CodeIgniter\Exceptions\FrameworkException::forInvalidFile('backend/inicioDeSesion.php')
 2 SYSTEMPATH\Common.php(1171): CodeIgniter\View\View->render('backend/inicioDeSesion', [], true)
 3 APPPATH\Controllers\LoginController.php(15): view('backend/inicioDeSesion')
 4 SYSTEMPATH\CodeIgniter.php(933): App\Controllers\LoginController->index()
 5 SYSTEMPATH\CodeIgniter.php(509): CodeIgniter\CodeIgniter->runController(Object(App\Controllers\LoginController))
 6 SYSTEMPATH\CodeIgniter.php(355): CodeIgniter\CodeIgniter->handleRequest(null, Object(Config\Cache), false)
 7 SYSTEMPATH\Boot.php(325): CodeIgniter\CodeIgniter->run()
 8 SYSTEMPATH\Boot.php(67): CodeIgniter\Boot::runCodeIgniter(Object(CodeIgniter\CodeIgniter))
 9 FCPATH\index.php(56): CodeIgniter\Boot::bootWeb(Object(Config\Paths))
ERROR - 2024-08-02 01:49:52 --> mysqli_sql_exception: Table 'duette_d.usuario' doesn't exist in C:\xampp\htdocs\ProT2-37394511\system\Database\MySQLi\Connection.php:310
Stack trace:
#0 C:\xampp\htdocs\ProT2-37394511\system\Database\MySQLi\Connection.php(310): mysqli->query('SELECT 1\nFROM `...', 0)
#1 C:\xampp\htdocs\ProT2-37394511\system\Database\BaseConnection.php(732): CodeIgniter\Database\MySQLi\Connection->execute('SELECT 1\nFROM `...')
#2 C:\xampp\htdocs\ProT2-37394511\system\Database\BaseConnection.php(646): CodeIgniter\Database\BaseConnection->simpleQuery('SELECT 1\nFROM `...')
#3 C:\xampp\htdocs\ProT2-37394511\system\Database\BaseBuilder.php(1637): CodeIgniter\Database\BaseConnection->query('SELECT 1\nFROM `...', Array, false)
#4 C:\xampp\htdocs\ProT2-37394511\system\Validation\StrictRules\Rules.php(228): CodeIgniter\Database\BaseBuilder->get()
#5 C:\xampp\htdocs\ProT2-37394511\system\Validation\Validation.php(336): CodeIgniter\Validation\StrictRules\Rules->is_unique('dario@gmail.com', 'email', Array, NULL, 'email')
#6 C:\xampp\htdocs\ProT2-37394511\system\Validation\Validation.php(201): CodeIgniter\Validation\Validation->processRules('email', 'email', 'dario@gmail.com', Array, Array, 'email')
#7 C:\xampp\htdocs\ProT2-37394511\system\Controller.php(137): CodeIgniter\Validation\Validation->run()
#8 C:\xampp\htdocs\ProT2-37394511\app\Controllers\UsuarioController.php(74): CodeIgniter\Controller->validate(Array, Array)
#9 C:\xampp\htdocs\ProT2-37394511\system\CodeIgniter.php(933): App\Controllers\UsuarioController->formValidation()
#10 C:\xampp\htdocs\ProT2-37394511\system\CodeIgniter.php(509): CodeIgniter\CodeIgniter->runController(Object(App\Controllers\UsuarioController))
#11 C:\xampp\htdocs\ProT2-37394511\system\CodeIgniter.php(355): CodeIgniter\CodeIgniter->handleRequest(NULL, Object(Config\Cache), false)
#12 C:\xampp\htdocs\ProT2-37394511\system\Boot.php(325): CodeIgniter\CodeIgniter->run()
#13 C:\xampp\htdocs\ProT2-37394511\system\Boot.php(67): CodeIgniter\Boot::runCodeIgniter(Object(CodeIgniter\CodeIgniter))
#14 C:\xampp\htdocs\ProT2-37394511\index.php(56): CodeIgniter\Boot::bootWeb(Object(Config\Paths))
#15 {main}
CRITICAL - 2024-08-02 01:49:52 --> CodeIgniter\Database\Exceptions\DatabaseException: Table 'duette_d.usuario' doesn't exist
[Method: POST, Route: enviarForm]
in SYSTEMPATH\Database\BaseConnection.php on line 686.
 1 SYSTEMPATH\Database\BaseBuilder.php(1637): CodeIgniter\Database\BaseConnection->query('SELECT 1
FROM `usuario`
WHERE `email` = :email:
 LIMIT 1', [...], false)
 2 SYSTEMPATH\Validation\StrictRules\Rules.php(228): CodeIgniter\Database\BaseBuilder->get()
 3 SYSTEMPATH\Validation\Validation.php(336): CodeIgniter\Validation\StrictRules\Rules->is_unique('dario@gmail.com', 'email', [...], null, 'email')
 4 SYSTEMPATH\Validation\Validation.php(201): CodeIgniter\Validation\Validation->processRules('email', 'email', 'dario@gmail.com', [...], [...], 'email')
 5 SYSTEMPATH\Controller.php(137): CodeIgniter\Validation\Validation->run()
 6 APPPATH\Controllers\UsuarioController.php(74): CodeIgniter\Controller->validate([...], [...])
 7 SYSTEMPATH\CodeIgniter.php(933): App\Controllers\UsuarioController->formValidation()
 8 SYSTEMPATH\CodeIgniter.php(509): CodeIgniter\CodeIgniter->runController(Object(App\Controllers\UsuarioController))
 9 SYSTEMPATH\CodeIgniter.php(355): CodeIgniter\CodeIgniter->handleRequest(null, Object(Config\Cache), false)
10 SYSTEMPATH\Boot.php(325): CodeIgniter\CodeIgniter->run()
11 SYSTEMPATH\Boot.php(67): CodeIgniter\Boot::runCodeIgniter(Object(CodeIgniter\CodeIgniter))
12 FCPATH\index.php(56): CodeIgniter\Boot::bootWeb(Object(Config\Paths))
CRITICAL - 2024-08-02 01:49:52 --> [Caused by] CodeIgniter\Database\Exceptions\DatabaseException: Table 'duette_d.usuario' doesn't exist
in SYSTEMPATH\Database\MySQLi\Connection.php on line 315.
 1 SYSTEMPATH\Database\BaseConnection.php(732): CodeIgniter\Database\MySQLi\Connection->execute('SELECT 1
FROM `usuario`
WHERE `email` = \'dario@gmail.com\'
 LIMIT 1')
 2 SYSTEMPATH\Database\BaseConnection.php(646): CodeIgniter\Database\BaseConnection->simpleQuery('SELECT 1
FROM `usuario`
WHERE `email` = \'dario@gmail.com\'
 LIMIT 1')
 3 SYSTEMPATH\Database\BaseBuilder.php(1637): CodeIgniter\Database\BaseConnection->query('SELECT 1
FROM `usuario`
WHERE `email` = :email:
 LIMIT 1', [...], false)
 4 SYSTEMPATH\Validation\StrictRules\Rules.php(228): CodeIgniter\Database\BaseBuilder->get()
 5 SYSTEMPATH\Validation\Validation.php(336): CodeIgniter\Validation\StrictRules\Rules->is_unique('dario@gmail.com', 'email', [...], null, 'email')
 6 SYSTEMPATH\Validation\Validation.php(201): CodeIgniter\Validation\Validation->processRules('email', 'email', 'dario@gmail.com', [...], [...], 'email')
 7 SYSTEMPATH\Controller.php(137): CodeIgniter\Validation\Validation->run()
 8 APPPATH\Controllers\UsuarioController.php(74): CodeIgniter\Controller->validate([...], [...])
 9 SYSTEMPATH\CodeIgniter.php(933): App\Controllers\UsuarioController->formValidation()
10 SYSTEMPATH\CodeIgniter.php(509): CodeIgniter\CodeIgniter->runController(Object(App\Controllers\UsuarioController))
11 SYSTEMPATH\CodeIgniter.php(355): CodeIgniter\CodeIgniter->handleRequest(null, Object(Config\Cache), false)
12 SYSTEMPATH\Boot.php(325): CodeIgniter\CodeIgniter->run()
13 SYSTEMPATH\Boot.php(67): CodeIgniter\Boot::runCodeIgniter(Object(CodeIgniter\CodeIgniter))
14 FCPATH\index.php(56): CodeIgniter\Boot::bootWeb(Object(Config\Paths))
CRITICAL - 2024-08-02 01:49:52 --> [Caused by] mysqli_sql_exception: Table 'duette_d.usuario' doesn't exist
in SYSTEMPATH\Database\MySQLi\Connection.php on line 310.
 1 SYSTEMPATH\Database\MySQLi\Connection.php(310): mysqli->query('SELECT 1
FROM `usuario`
WHERE `email` = \'dario@gmail.com\'
 LIMIT 1', 0)
 2 SYSTEMPATH\Database\BaseConnection.php(732): CodeIgniter\Database\MySQLi\Connection->execute('SELECT 1
FROM `usuario`
WHERE `email` = \'dario@gmail.com\'
 LIMIT 1')
 3 SYSTEMPATH\Database\BaseConnection.php(646): CodeIgniter\Database\BaseConnection->simpleQuery('SELECT 1
FROM `usuario`
WHERE `email` = \'dario@gmail.com\'
 LIMIT 1')
 4 SYSTEMPATH\Database\BaseBuilder.php(1637): CodeIgniter\Database\BaseConnection->query('SELECT 1
FROM `usuario`
WHERE `email` = :email:
 LIMIT 1', [...], false)
 5 SYSTEMPATH\Validation\StrictRules\Rules.php(228): CodeIgniter\Database\BaseBuilder->get()
 6 SYSTEMPATH\Validation\Validation.php(336): CodeIgniter\Validation\StrictRules\Rules->is_unique('dario@gmail.com', 'email', [...], null, 'email')
 7 SYSTEMPATH\Validation\Validation.php(201): CodeIgniter\Validation\Validation->processRules('email', 'email', 'dario@gmail.com', [...], [...], 'email')
 8 SYSTEMPATH\Controller.php(137): CodeIgniter\Validation\Validation->run()
 9 APPPATH\Controllers\UsuarioController.php(74): CodeIgniter\Controller->validate([...], [...])
10 SYSTEMPATH\CodeIgniter.php(933): App\Controllers\UsuarioController->formValidation()
11 SYSTEMPATH\CodeIgniter.php(509): CodeIgniter\CodeIgniter->runController(Object(App\Controllers\UsuarioController))
12 SYSTEMPATH\CodeIgniter.php(355): CodeIgniter\CodeIgniter->handleRequest(null, Object(Config\Cache), false)
13 SYSTEMPATH\Boot.php(325): CodeIgniter\CodeIgniter->run()
14 SYSTEMPATH\Boot.php(67): CodeIgniter\Boot::runCodeIgniter(Object(CodeIgniter\CodeIgniter))
15 FCPATH\index.php(56): CodeIgniter\Boot::bootWeb(Object(Config\Paths))
CRITICAL - 2024-08-02 02:02:28 --> CodeIgniter\View\Exceptions\ViewException: Invalid file: "common navbarView.php"
[Method: GET, Route: panel]
in SYSTEMPATH\Exceptions\FrameworkException.php on line 41.
 1 SYSTEMPATH\View\View.php(222): CodeIgniter\Exceptions\FrameworkException::forInvalidFile('common navbarView.php')
 2 SYSTEMPATH\Common.php(1171): CodeIgniter\View\View->render('common navbarView', [], true)
 3 APPPATH\Controllers\PanelController.php(20): view('common navbarView')
 4 SYSTEMPATH\CodeIgniter.php(933): App\Controllers\PanelController->index()
 5 SYSTEMPATH\CodeIgniter.php(509): CodeIgniter\CodeIgniter->runController(Object(App\Controllers\PanelController))
 6 SYSTEMPATH\CodeIgniter.php(355): CodeIgniter\CodeIgniter->handleRequest(null, Object(Config\Cache), false)
 7 SYSTEMPATH\Boot.php(325): CodeIgniter\CodeIgniter->run()
 8 SYSTEMPATH\Boot.php(67): CodeIgniter\Boot::runCodeIgniter(Object(CodeIgniter\CodeIgniter))
 9 FCPATH\index.php(56): CodeIgniter\Boot::bootWeb(Object(Config\Paths))
